<?xml version="1.0" encoding="UTF-8"?>
<!-- Generated by org.testng.reporters.JUnitReportReporter -->
<testsuite hostname="LAPTOP-TM6K18J0" failures="0" tests="1" name="com.learnautomation.testcases.LoginTest" time="5.602" errors="0" timestamp="2023-09-12T21:19:20 IST" skipped="0">
  <testcase classname="com.learnautomation.testcases.LoginTest" name="loginWithValidCredentials" time="5.602"/>
  <system-out/>
</testsuite> <!-- com.learnautomation.testcases.LoginTest -->
